{"/Users/kenneth/Desktop/MatchingCardGame/src/components/Card.ts": {"path":"/Users/kenneth/Desktop/MatchingCardGame/src/components/Card.ts","statementMap":{"0":{"start":{"line":9,"column":25},"end":{"line":9,"column":26}}},"fnMap":{},"branchMap":{},"s":{"0":1},"f":{},"b":{},"_coverageSchema":"1a1c01bbd47fc00a2c39e90264f33305004495a9","hash":"dd7aeeb0d42f05a5cbd9a455cd2db50466beec6d"}
,"/Users/kenneth/Desktop/MatchingCardGame/src/helpers/ShuffledCardsGenerator.tsx": {"path":"/Users/kenneth/Desktop/MatchingCardGame/src/helpers/ShuffledCardsGenerator.tsx","statementMap":{"0":{"start":{"line":3,"column":31},"end":{"line":29,"column":1}},"1":{"start":{"line":5,"column":17},"end":{"line":5,"column":19}},"2":{"start":{"line":7,"column":2},"end":{"line":25,"column":3}},"3":{"start":{"line":7,"column":12},"end":{"line":7,"column":13}},"4":{"start":{"line":8,"column":17},"end":{"line":8,"column":45}},"5":{"start":{"line":9,"column":16},"end":{"line":9,"column":21}},"6":{"start":{"line":10,"column":21},"end":{"line":10,"column":31}},"7":{"start":{"line":11,"column":21},"end":{"line":11,"column":31}},"8":{"start":{"line":13,"column":4},"end":{"line":18,"column":18}},"9":{"start":{"line":14,"column":6},"end":{"line":14,"column":47}},"10":{"start":{"line":15,"column":6},"end":{"line":17,"column":7}},"11":{"start":{"line":16,"column":8},"end":{"line":16,"column":45}},"12":{"start":{"line":19,"column":4},"end":{"line":19,"column":27}},"13":{"start":{"line":20,"column":4},"end":{"line":20,"column":22}},"14":{"start":{"line":21,"column":4},"end":{"line":21,"column":27}},"15":{"start":{"line":22,"column":4},"end":{"line":22,"column":34}},"16":{"start":{"line":23,"column":4},"end":{"line":23,"column":29}},"17":{"start":{"line":24,"column":4},"end":{"line":24,"column":29}},"18":{"start":{"line":27,"column":2},"end":{"line":27,"column":17}},"19":{"start":{"line":31,"column":37},"end":{"line":33,"column":1}},"20":{"start":{"line":32,"column":2},"end":{"line":32,"column":58}},"21":{"start":{"line":35,"column":32},"end":{"line":37,"column":1}},"22":{"start":{"line":36,"column":2},"end":{"line":36,"column":31}}},"fnMap":{"0":{"name":"(anonymous_0)","decl":{"start":{"line":3,"column":31},"end":{"line":3,"column":32}},"loc":{"start":{"line":3,"column":42},"end":{"line":29,"column":1}},"line":3},"1":{"name":"(anonymous_1)","decl":{"start":{"line":31,"column":37},"end":{"line":31,"column":38}},"loc":{"start":{"line":31,"column":66},"end":{"line":33,"column":1}},"line":31},"2":{"name":"(anonymous_2)","decl":{"start":{"line":35,"column":32},"end":{"line":35,"column":33}},"loc":{"start":{"line":35,"column":65},"end":{"line":37,"column":1}},"line":35}},"branchMap":{"0":{"loc":{"start":{"line":15,"column":6},"end":{"line":17,"column":7}},"type":"if","locations":[{"start":{"line":15,"column":6},"end":{"line":17,"column":7}},{"start":{},"end":{}}],"line":15}},"s":{"0":1,"1":1,"2":1,"3":1,"4":6,"5":6,"6":6,"7":6,"8":6,"9":6,"10":6,"11":0,"12":6,"13":6,"14":6,"15":6,"16":6,"17":6,"18":1,"19":1,"20":6,"21":1,"22":6},"f":{"0":1,"1":6,"2":6},"b":{"0":[0,6]},"_coverageSchema":"1a1c01bbd47fc00a2c39e90264f33305004495a9","hash":"bc882e1584485053a8fd1708a554aab9a8091ac0"}
}
