{"/Users/kenneth/Desktop/MatchingCardGame/src/style.ts": {"path":"/Users/kenneth/Desktop/MatchingCardGame/src/style.ts","statementMap":{"0":{"start":{"line":4,"column":20},"end":{"line":4,"column":55}},"1":{"start":{"line":5,"column":22},"end":{"line":5,"column":31}},"2":{"start":{"line":7,"column":15},"end":{"line":51,"column":2}}},"fnMap":{},"branchMap":{},"s":{"0":1,"1":1,"2":1},"f":{},"b":{},"_coverageSchema":"1a1c01bbd47fc00a2c39e90264f33305004495a9","hash":"38a13066a4c890562190fd36b287f19c186412a5"}
,"/Users/kenneth/Desktop/MatchingCardGame/src/actions/ChoiceActions.ts": {"path":"/Users/kenneth/Desktop/MatchingCardGame/src/actions/ChoiceActions.ts","statementMap":{"0":{"start":{"line":1,"column":26},"end":{"line":6,"column":1}},"1":{"start":{"line":2,"column":2},"end":{"line":5,"column":3}},"2":{"start":{"line":8,"column":27},"end":{"line":11,"column":1}},"3":{"start":{"line":13,"column":32},"end":{"line":16,"column":1}}},"fnMap":{"0":{"name":"(anonymous_0)","decl":{"start":{"line":1,"column":26},"end":{"line":1,"column":27}},"loc":{"start":{"line":1,"column":42},"end":{"line":6,"column":1}},"line":1}},"branchMap":{},"s":{"0":1,"1":0,"2":1,"3":1},"f":{"0":0},"b":{},"_coverageSchema":"1a1c01bbd47fc00a2c39e90264f33305004495a9","hash":"6a6849e2296f776ce61123d832bf1b5031bef1b9"}
,"/Users/kenneth/Desktop/MatchingCardGame/src/actions/StepsActions.tsx": {"path":"/Users/kenneth/Desktop/MatchingCardGame/src/actions/StepsActions.tsx","statementMap":{"0":{"start":{"line":1,"column":29},"end":{"line":4,"column":1}},"1":{"start":{"line":6,"column":25},"end":{"line":9,"column":1}}},"fnMap":{},"branchMap":{},"s":{"0":1,"1":1},"f":{},"b":{},"_coverageSchema":"1a1c01bbd47fc00a2c39e90264f33305004495a9","hash":"a0f8a527634fe5ee7a4f3a96a208f7ea340836fc"}
,"/Users/kenneth/Desktop/MatchingCardGame/src/components/Card.ts": {"path":"/Users/kenneth/Desktop/MatchingCardGame/src/components/Card.ts","statementMap":{"0":{"start":{"line":9,"column":25},"end":{"line":9,"column":26}}},"fnMap":{},"branchMap":{},"s":{"0":2},"f":{},"b":{},"_coverageSchema":"1a1c01bbd47fc00a2c39e90264f33305004495a9","hash":"dd7aeeb0d42f05a5cbd9a455cd2db50466beec6d"}
,"/Users/kenneth/Desktop/MatchingCardGame/src/components/CardItem.tsx": {"path":"/Users/kenneth/Desktop/MatchingCardGame/src/components/CardItem.tsx","statementMap":{"0":{"start":{"line":12,"column":28},"end":{"line":107,"column":1}},"1":{"start":{"line":14,"column":26},"end":{"line":14,"column":57}},"2":{"start":{"line":15,"column":24},"end":{"line":15,"column":35}},"3":{"start":{"line":17,"column":25},"end":{"line":20,"column":4}},"4":{"start":{"line":21,"column":24},"end":{"line":24,"column":4}},"5":{"start":{"line":26,"column":29},"end":{"line":30,"column":3}},"6":{"start":{"line":32,"column":28},"end":{"line":36,"column":3}},"7":{"start":{"line":38,"column":2},"end":{"line":46,"column":14}},"8":{"start":{"line":39,"column":4},"end":{"line":45,"column":5}},"9":{"start":{"line":40,"column":6},"end":{"line":40,"column":32}},"10":{"start":{"line":41,"column":6},"end":{"line":41,"column":18}},"11":{"start":{"line":43,"column":6},"end":{"line":43,"column":36}},"12":{"start":{"line":44,"column":6},"end":{"line":44,"column":19}},"13":{"start":{"line":48,"column":2},"end":{"line":52,"column":7}},"14":{"start":{"line":49,"column":4},"end":{"line":51,"column":6}},"15":{"start":{"line":50,"column":6},"end":{"line":50,"column":19}},"16":{"start":{"line":54,"column":28},"end":{"line":58,"column":3}},"17":{"start":{"line":56,"column":4},"end":{"line":56,"column":21}},"18":{"start":{"line":57,"column":4},"end":{"line":57,"column":23}},"19":{"start":{"line":60,"column":19},"end":{"line":67,"column":3}},"20":{"start":{"line":62,"column":4},"end":{"line":66,"column":5}},"21":{"start":{"line":63,"column":6},"end":{"line":63,"column":19}},"22":{"start":{"line":65,"column":6},"end":{"line":65,"column":18}},"23":{"start":{"line":69,"column":22},"end":{"line":76,"column":3}},"24":{"start":{"line":70,"column":4},"end":{"line":75,"column":14}},"25":{"start":{"line":78,"column":21},"end":{"line":85,"column":3}},"26":{"start":{"line":79,"column":4},"end":{"line":84,"column":14}},"27":{"start":{"line":87,"column":2},"end":{"line":105,"column":3}},"28":{"start":{"line":90,"column":16},"end":{"line":90,"column":48}}},"fnMap":{"0":{"name":"(anonymous_0)","decl":{"start":{"line":12,"column":28},"end":{"line":12,"column":29}},"loc":{"start":{"line":12,"column":74},"end":{"line":107,"column":1}},"line":12},"1":{"name":"(anonymous_1)","decl":{"start":{"line":38,"column":12},"end":{"line":38,"column":13}},"loc":{"start":{"line":38,"column":16},"end":{"line":46,"column":3}},"line":38},"2":{"name":"(anonymous_2)","decl":{"start":{"line":48,"column":12},"end":{"line":48,"column":13}},"loc":{"start":{"line":48,"column":16},"end":{"line":52,"column":3}},"line":48},"3":{"name":"(anonymous_3)","decl":{"start":{"line":49,"column":30},"end":{"line":49,"column":31}},"loc":{"start":{"line":49,"column":41},"end":{"line":51,"column":5}},"line":49},"4":{"name":"(anonymous_4)","decl":{"start":{"line":54,"column":28},"end":{"line":54,"column":29}},"loc":{"start":{"line":54,"column":34},"end":{"line":58,"column":3}},"line":54},"5":{"name":"(anonymous_5)","decl":{"start":{"line":60,"column":19},"end":{"line":60,"column":20}},"loc":{"start":{"line":60,"column":25},"end":{"line":67,"column":3}},"line":60},"6":{"name":"(anonymous_6)","decl":{"start":{"line":69,"column":22},"end":{"line":69,"column":23}},"loc":{"start":{"line":69,"column":28},"end":{"line":76,"column":3}},"line":69},"7":{"name":"(anonymous_7)","decl":{"start":{"line":78,"column":21},"end":{"line":78,"column":22}},"loc":{"start":{"line":78,"column":27},"end":{"line":85,"column":3}},"line":78},"8":{"name":"(anonymous_8)","decl":{"start":{"line":90,"column":9},"end":{"line":90,"column":10}},"loc":{"start":{"line":90,"column":16},"end":{"line":90,"column":48}},"line":90}},"branchMap":{"0":{"loc":{"start":{"line":39,"column":4},"end":{"line":45,"column":5}},"type":"if","locations":[{"start":{"line":39,"column":4},"end":{"line":45,"column":5}},{"start":{"line":42,"column":9},"end":{"line":45,"column":5}}],"line":39},"1":{"loc":{"start":{"line":62,"column":4},"end":{"line":66,"column":5}},"type":"if","locations":[{"start":{"line":62,"column":4},"end":{"line":66,"column":5}},{"start":{"line":64,"column":9},"end":{"line":66,"column":5}}],"line":62}},"s":{"0":1,"1":0,"2":0,"3":0,"4":0,"5":0,"6":0,"7":0,"8":0,"9":0,"10":0,"11":0,"12":0,"13":0,"14":0,"15":0,"16":0,"17":0,"18":0,"19":0,"20":0,"21":0,"22":0,"23":0,"24":0,"25":0,"26":0,"27":0,"28":0},"f":{"0":0,"1":0,"2":0,"3":0,"4":0,"5":0,"6":0,"7":0,"8":0},"b":{"0":[0,0],"1":[0,0]},"_coverageSchema":"1a1c01bbd47fc00a2c39e90264f33305004495a9","hash":"f114ebf244127e9f30cb7b754347a191134ac2dd"}
,"/Users/kenneth/Desktop/MatchingCardGame/src/components/Game.tsx": {"path":"/Users/kenneth/Desktop/MatchingCardGame/src/components/Game.tsx","statementMap":{"0":{"start":{"line":12,"column":24},"end":{"line":144,"column":1}},"1":{"start":{"line":14,"column":19},"end":{"line":14,"column":70}},"2":{"start":{"line":16,"column":19},"end":{"line":16,"column":32}},"3":{"start":{"line":18,"column":32},"end":{"line":18,"column":46}},"4":{"start":{"line":19,"column":32},"end":{"line":19,"column":46}},"5":{"start":{"line":20,"column":43},"end":{"line":20,"column":55}},"6":{"start":{"line":21,"column":21},"end":{"line":21,"column":78}},"7":{"start":{"line":21,"column":45},"end":{"line":21,"column":76}},"8":{"start":{"line":22,"column":18},"end":{"line":22,"column":71}},"9":{"start":{"line":22,"column":42},"end":{"line":22,"column":69}},"10":{"start":{"line":23,"column":35},"end":{"line":23,"column":55}},"11":{"start":{"line":25,"column":28},"end":{"line":30,"column":3}},"12":{"start":{"line":27,"column":4},"end":{"line":27,"column":27}},"13":{"start":{"line":29,"column":4},"end":{"line":29,"column":49}},"14":{"start":{"line":32,"column":20},"end":{"line":40,"column":3}},"15":{"start":{"line":33,"column":4},"end":{"line":33,"column":23}},"16":{"start":{"line":34,"column":4},"end":{"line":34,"column":25}},"17":{"start":{"line":35,"column":4},"end":{"line":35,"column":20}},"18":{"start":{"line":36,"column":4},"end":{"line":36,"column":20}},"19":{"start":{"line":37,"column":4},"end":{"line":37,"column":23}},"20":{"start":{"line":38,"column":4},"end":{"line":38,"column":27}},"21":{"start":{"line":42,"column":2},"end":{"line":66,"column":24}},"22":{"start":{"line":44,"column":4},"end":{"line":65,"column":5}},"23":{"start":{"line":45,"column":6},"end":{"line":64,"column":7}},"24":{"start":{"line":47,"column":8},"end":{"line":47,"column":34}},"25":{"start":{"line":49,"column":8},"end":{"line":49,"column":30}},"26":{"start":{"line":50,"column":8},"end":{"line":50,"column":30}},"27":{"start":{"line":51,"column":8},"end":{"line":51,"column":24}},"28":{"start":{"line":52,"column":8},"end":{"line":52,"column":24}},"29":{"start":{"line":53,"column":8},"end":{"line":57,"column":9}},"30":{"start":{"line":55,"column":20},"end":{"line":55,"column":69}},"31":{"start":{"line":56,"column":10},"end":{"line":56,"column":64}},"32":{"start":{"line":59,"column":8},"end":{"line":59,"column":59}},"33":{"start":{"line":60,"column":8},"end":{"line":63,"column":16}},"34":{"start":{"line":61,"column":10},"end":{"line":61,"column":26}},"35":{"start":{"line":62,"column":10},"end":{"line":62,"column":26}},"36":{"start":{"line":68,"column":2},"end":{"line":76,"column":8}},"37":{"start":{"line":70,"column":4},"end":{"line":72,"column":5}},"38":{"start":{"line":71,"column":6},"end":{"line":71,"column":12}},"39":{"start":{"line":74,"column":4},"end":{"line":74,"column":27}},"40":{"start":{"line":78,"column":32},"end":{"line":83,"column":3}},"41":{"start":{"line":80,"column":19},"end":{"line":80,"column":43}},"42":{"start":{"line":82,"column":4},"end":{"line":82,"column":61}},"43":{"start":{"line":82,"column":40},"end":{"line":82,"column":59}},"44":{"start":{"line":85,"column":21},"end":{"line":95,"column":3}},"45":{"start":{"line":86,"column":4},"end":{"line":94,"column":5}},"46":{"start":{"line":98,"column":4},"end":{"line":105,"column":11}},"47":{"start":{"line":108,"column":20},"end":{"line":125,"column":3}},"48":{"start":{"line":109,"column":4},"end":{"line":124,"column":5}},"49":{"start":{"line":117,"column":12},"end":{"line":117,"column":23}},"50":{"start":{"line":127,"column":2},"end":{"line":142,"column":3}},"51":{"start":{"line":133,"column":48},"end":{"line":133,"column":64}}},"fnMap":{"0":{"name":"(anonymous_0)","decl":{"start":{"line":12,"column":24},"end":{"line":12,"column":25}},"loc":{"start":{"line":12,"column":30},"end":{"line":144,"column":1}},"line":12},"1":{"name":"(anonymous_1)","decl":{"start":{"line":21,"column":33},"end":{"line":21,"column":34}},"loc":{"start":{"line":21,"column":44},"end":{"line":21,"column":77}},"line":21},"2":{"name":"(anonymous_2)","decl":{"start":{"line":22,"column":30},"end":{"line":22,"column":31}},"loc":{"start":{"line":22,"column":41},"end":{"line":22,"column":70}},"line":22},"3":{"name":"(anonymous_3)","decl":{"start":{"line":25,"column":28},"end":{"line":25,"column":29}},"loc":{"start":{"line":25,"column":38},"end":{"line":30,"column":3}},"line":25},"4":{"name":"(anonymous_4)","decl":{"start":{"line":32,"column":20},"end":{"line":32,"column":21}},"loc":{"start":{"line":32,"column":26},"end":{"line":40,"column":3}},"line":32},"5":{"name":"(anonymous_5)","decl":{"start":{"line":42,"column":12},"end":{"line":42,"column":13}},"loc":{"start":{"line":42,"column":18},"end":{"line":66,"column":3}},"line":42},"6":{"name":"(anonymous_6)","decl":{"start":{"line":60,"column":19},"end":{"line":60,"column":20}},"loc":{"start":{"line":60,"column":25},"end":{"line":63,"column":9}},"line":60},"7":{"name":"(anonymous_7)","decl":{"start":{"line":68,"column":12},"end":{"line":68,"column":13}},"loc":{"start":{"line":68,"column":18},"end":{"line":76,"column":3}},"line":68},"8":{"name":"(anonymous_8)","decl":{"start":{"line":78,"column":32},"end":{"line":78,"column":33}},"loc":{"start":{"line":78,"column":38},"end":{"line":83,"column":3}},"line":78},"9":{"name":"(anonymous_9)","decl":{"start":{"line":82,"column":34},"end":{"line":82,"column":35}},"loc":{"start":{"line":82,"column":40},"end":{"line":82,"column":59}},"line":82},"10":{"name":"(anonymous_10)","decl":{"start":{"line":85,"column":21},"end":{"line":85,"column":22}},"loc":{"start":{"line":85,"column":42},"end":{"line":95,"column":3}},"line":85},"11":{"name":"(anonymous_11)","decl":{"start":{"line":108,"column":20},"end":{"line":108,"column":21}},"loc":{"start":{"line":108,"column":73},"end":{"line":125,"column":3}},"line":108},"12":{"name":"(anonymous_12)","decl":{"start":{"line":116,"column":19},"end":{"line":116,"column":20}},"loc":{"start":{"line":116,"column":25},"end":{"line":118,"column":11}},"line":116},"13":{"name":"(anonymous_13)","decl":{"start":{"line":133,"column":34},"end":{"line":133,"column":35}},"loc":{"start":{"line":133,"column":48},"end":{"line":133,"column":64}},"line":133}},"branchMap":{"0":{"loc":{"start":{"line":29,"column":4},"end":{"line":29,"column":49}},"type":"cond-expr","locations":[{"start":{"line":29,"column":14},"end":{"line":29,"column":30}},{"start":{"line":29,"column":33},"end":{"line":29,"column":49}}],"line":29},"1":{"loc":{"start":{"line":44,"column":4},"end":{"line":65,"column":5}},"type":"if","locations":[{"start":{"line":44,"column":4},"end":{"line":65,"column":5}},{"start":{},"end":{}}],"line":44},"2":{"loc":{"start":{"line":44,"column":8},"end":{"line":44,"column":26}},"type":"binary-expr","locations":[{"start":{"line":44,"column":8},"end":{"line":44,"column":15}},{"start":{"line":44,"column":19},"end":{"line":44,"column":26}}],"line":44},"3":{"loc":{"start":{"line":45,"column":6},"end":{"line":64,"column":7}},"type":"if","locations":[{"start":{"line":45,"column":6},"end":{"line":64,"column":7}},{"start":{"line":58,"column":11},"end":{"line":64,"column":7}}],"line":45},"4":{"loc":{"start":{"line":53,"column":8},"end":{"line":57,"column":9}},"type":"if","locations":[{"start":{"line":53,"column":8},"end":{"line":57,"column":9}},{"start":{},"end":{}}],"line":53},"5":{"loc":{"start":{"line":70,"column":4},"end":{"line":72,"column":5}},"type":"if","locations":[{"start":{"line":70,"column":4},"end":{"line":72,"column":5}},{"start":{},"end":{}}],"line":70},"6":{"loc":{"start":{"line":92,"column":16},"end":{"line":92,"column":124}},"type":"binary-expr","locations":[{"start":{"line":92,"column":16},"end":{"line":92,"column":60}},{"start":{"line":92,"column":64},"end":{"line":92,"column":108}},{"start":{"line":92,"column":112},"end":{"line":92,"column":124}}],"line":92},"7":{"loc":{"start":{"line":92,"column":30},"end":{"line":92,"column":59}},"type":"cond-expr","locations":[{"start":{"line":92,"column":40},"end":{"line":92,"column":51}},{"start":{"line":92,"column":54},"end":{"line":92,"column":59}}],"line":92},"8":{"loc":{"start":{"line":92,"column":78},"end":{"line":92,"column":107}},"type":"cond-expr","locations":[{"start":{"line":92,"column":88},"end":{"line":92,"column":99}},{"start":{"line":92,"column":102},"end":{"line":92,"column":107}}],"line":92}},"s":{"0":1,"1":0,"2":0,"3":0,"4":0,"5":0,"6":0,"7":0,"8":0,"9":0,"10":0,"11":0,"12":0,"13":0,"14":0,"15":0,"16":0,"17":0,"18":0,"19":0,"20":0,"21":0,"22":0,"23":0,"24":0,"25":0,"26":0,"27":0,"28":0,"29":0,"30":0,"31":0,"32":0,"33":0,"34":0,"35":0,"36":0,"37":0,"38":0,"39":0,"40":0,"41":0,"42":0,"43":0,"44":0,"45":0,"46":0,"47":0,"48":0,"49":0,"50":0,"51":0},"f":{"0":0,"1":0,"2":0,"3":0,"4":0,"5":0,"6":0,"7":0,"8":0,"9":0,"10":0,"11":0,"12":0,"13":0},"b":{"0":[0,0],"1":[0,0],"2":[0,0],"3":[0,0],"4":[0,0],"5":[0,0],"6":[0,0,0],"7":[0,0],"8":[0,0]},"_coverageSchema":"1a1c01bbd47fc00a2c39e90264f33305004495a9","hash":"46360f324427fca54c77de7c6588aaaa02617122"}
,"/Users/kenneth/Desktop/MatchingCardGame/src/helpers/ShuffledCardsGenerator.tsx": {"path":"/Users/kenneth/Desktop/MatchingCardGame/src/helpers/ShuffledCardsGenerator.tsx","statementMap":{"0":{"start":{"line":3,"column":31},"end":{"line":29,"column":1}},"1":{"start":{"line":5,"column":17},"end":{"line":5,"column":19}},"2":{"start":{"line":7,"column":2},"end":{"line":25,"column":3}},"3":{"start":{"line":7,"column":12},"end":{"line":7,"column":13}},"4":{"start":{"line":8,"column":17},"end":{"line":8,"column":45}},"5":{"start":{"line":9,"column":16},"end":{"line":9,"column":21}},"6":{"start":{"line":10,"column":21},"end":{"line":10,"column":31}},"7":{"start":{"line":11,"column":21},"end":{"line":11,"column":31}},"8":{"start":{"line":13,"column":4},"end":{"line":18,"column":18}},"9":{"start":{"line":14,"column":6},"end":{"line":14,"column":47}},"10":{"start":{"line":15,"column":6},"end":{"line":17,"column":7}},"11":{"start":{"line":16,"column":8},"end":{"line":16,"column":45}},"12":{"start":{"line":19,"column":4},"end":{"line":19,"column":27}},"13":{"start":{"line":20,"column":4},"end":{"line":20,"column":22}},"14":{"start":{"line":21,"column":4},"end":{"line":21,"column":27}},"15":{"start":{"line":22,"column":4},"end":{"line":22,"column":34}},"16":{"start":{"line":23,"column":4},"end":{"line":23,"column":29}},"17":{"start":{"line":24,"column":4},"end":{"line":24,"column":29}},"18":{"start":{"line":27,"column":2},"end":{"line":27,"column":17}},"19":{"start":{"line":31,"column":37},"end":{"line":33,"column":1}},"20":{"start":{"line":32,"column":2},"end":{"line":32,"column":58}},"21":{"start":{"line":35,"column":32},"end":{"line":37,"column":1}},"22":{"start":{"line":36,"column":2},"end":{"line":36,"column":31}}},"fnMap":{"0":{"name":"(anonymous_0)","decl":{"start":{"line":3,"column":31},"end":{"line":3,"column":32}},"loc":{"start":{"line":3,"column":42},"end":{"line":29,"column":1}},"line":3},"1":{"name":"(anonymous_1)","decl":{"start":{"line":31,"column":37},"end":{"line":31,"column":38}},"loc":{"start":{"line":31,"column":66},"end":{"line":33,"column":1}},"line":31},"2":{"name":"(anonymous_2)","decl":{"start":{"line":35,"column":32},"end":{"line":35,"column":33}},"loc":{"start":{"line":35,"column":65},"end":{"line":37,"column":1}},"line":35}},"branchMap":{"0":{"loc":{"start":{"line":15,"column":6},"end":{"line":17,"column":7}},"type":"if","locations":[{"start":{"line":15,"column":6},"end":{"line":17,"column":7}},{"start":{},"end":{}}],"line":15}},"s":{"0":2,"1":1,"2":1,"3":1,"4":6,"5":6,"6":6,"7":6,"8":6,"9":6,"10":6,"11":0,"12":6,"13":6,"14":6,"15":6,"16":6,"17":6,"18":1,"19":2,"20":6,"21":2,"22":6},"f":{"0":1,"1":6,"2":6},"b":{"0":[0,6]},"_coverageSchema":"1a1c01bbd47fc00a2c39e90264f33305004495a9","hash":"bc882e1584485053a8fd1708a554aab9a8091ac0"}
}
