TN:
SF:src/components/Card.ts
FNF:0
FNH:0
DA:9,1
LF:1
LH:1
BRF:0
BRH:0
end_of_record
TN:
SF:src/helpers/ShuffledCardsGenerator.tsx
FN:3,(anonymous_0)
FN:31,(anonymous_1)
FN:35,(anonymous_2)
FNF:3
FNH:3
FNDA:1,(anonymous_0)
FNDA:6,(anonymous_1)
FNDA:6,(anonymous_2)
DA:3,1
DA:5,1
DA:7,1
DA:8,6
DA:9,6
DA:10,6
DA:11,6
DA:13,6
DA:14,6
DA:15,6
DA:16,0
DA:19,6
DA:20,6
DA:21,6
DA:22,6
DA:23,6
DA:24,6
DA:27,1
DA:31,1
DA:32,6
DA:35,1
DA:36,6
LF:22
LH:21
BRDA:15,0,0,0
BRDA:15,0,1,6
BRF:2
BRH:1
end_of_record
